2023-05-07T19:11:01.815280+0300 INFO Success parsing product "Med Expert  / Маски одноразовые медицинские чёрные - 50 шт" in category "Маски защитные", progress: "0" of 20
2023-05-07T19:11:05.617840+0300 INFO Success parsing product "МедЗащита  / Маски одноразовые 100 шт" in category "Маски защитные", progress: "1" of 20
2023-05-07T19:11:08.331523+0300 INFO Success parsing product "Med Expert  / Маски для лица защитные одноразовые" in category "Маски защитные", progress: "2" of 20
2023-05-07T19:11:12.538081+0300 INFO Success parsing product "Valerika61  / Маска многоразовая" in category "Маски защитные", progress: "3" of 20
2023-05-07T19:11:22.693809+0300 INFO Success parsing product "CleanLight  / Маска для лица тканевая многоразовая защитная набор" in category "Маски защитные", progress: "4" of 20
2023-05-07T19:11:26.588171+0300 INFO Success parsing product "CleanLight  / Маска для лица тканевая многоразовая защитная набор" in category "Маски защитные", progress: "5" of 20
2023-05-07T19:11:30.352172+0300 INFO Success parsing product "Маски Одноразовые  / Комплект масок одноразовых 100 шт розовые,черные" in category "Маски защитные", progress: "6" of 20
2023-05-07T19:11:34.521967+0300 INFO Success parsing product "WoClot  / Респиратор с клапаном черный, 10 шт" in category "Маски защитные", progress: "7" of 20
2023-05-07T19:11:37.141648+0300 INFO Success parsing product "WoClot  / Респиратор с клапаном черный, 5 шт" in category "Маски защитные", progress: "8" of 20
2023-05-07T19:11:40.904473+0300 INFO Success parsing product "Маски VITAL  / Маски медицинские одноразовые для лица защитные набор 50 шт" in category "Маски защитные", progress: "9" of 20
2023-05-07T19:11:44.586784+0300 INFO Success parsing product "Повязки Ватно-Марлевые  / Ватно-марлевая повязка, для детей" in category "Маски защитные", progress: "10" of 20
2023-05-07T19:11:49.318156+0300 INFO Success parsing product "WoClot  / Респиратор с клапаном черный, 3 шт" in category "Маски защитные", progress: "11" of 20
2023-05-07T19:11:53.558356+0300 INFO Success parsing product "WoClot  / Респиратор с клапаном черный, 25 шт" in category "Маски защитные", progress: "12" of 20
2023-05-07T19:11:59.594619+0300 INFO Success parsing product "3М  / Набор 15 в 1 Маска 7502 фильтры" in category "Маски защитные", progress: "13" of 20
2023-05-07T19:12:06.942728+0300 INFO Success parsing product "Bukhara Brilliant Silk  / Маска шелковая барьерная" in category "Маски защитные", progress: "14" of 20
2023-05-07T19:12:11.841843+0300 INFO Success parsing product "masks  / Лифтинг маска" in category "Маски защитные", progress: "15" of 20
2023-05-07T19:12:17.501667+0300 INFO Success parsing product "WoClot  / Респиратор с клапаном черный, 1 шт" in category "Маски защитные", progress: "16" of 20
2023-05-07T19:12:33.904745+0300 INFO Success parsing product "4Love4You  / Маска из страз многоразовая" in category "Маски защитные", progress: "17" of 20
2023-05-07T19:12:37.496215+0300 INFO Success parsing product "НАШ СЕЗОН  / Маска одноразовая" in category "Маски защитные", progress: "18" of 20
2023-05-07T19:12:41.865740+0300 INFO Success parsing product "Russian brand  / Маска для лица многоразовая защитная" in category "Маски защитные", progress: "19" of 20
2023-05-07T19:12:46.359960+0300 INFO Success parsing product "Euro shisha  / Уголь для кальяна кокосовый 25мм 72шт премиум" in category "Для курения", progress: "0" of 20
2023-05-07T19:12:50.252264+0300 INFO Success parsing product "LLU-HOME  / Пепельница стичница универсальная" in category "Для курения", progress: "1" of 20
2023-05-07T19:12:55.376685+0300 INFO Success parsing product "CocoLoco  / Уголь для кальяна кокосовый 25 для дома и кальянных" in category "Для курения", progress: "2" of 20
2023-05-07T19:13:00.616816+0300 INFO Success parsing product "Eco Coco  / Уголь для кальяна" in category "Для курения", progress: "3" of 20
2023-05-07T19:13:07.635825+0300 INFO Success parsing product "CocoLoco  / Кокосовый уголь для кальяна" in category "Для курения", progress: "4" of 20
